# JRE version: Java(TM) SE Runtime Environment (21.0.5+9) (build 21.0.5+9-LTS-239)
# Java VM: Java HotSpot(TM) 64-Bit Server VM (21.0.5+9-LTS-239, mixed mode, sharing, tiered, compressed oops, compressed class ptrs, g1 gc, windows-amd64)
GC Precious Log:
 CardTable entry size: 512
 Card Set container configuration: InlinePtr #cards 4 size 8 Array Of Cards #cards 64 size 144 Howl #buckets 8 coarsen threshold 14745 Howl Bitmap #cards 2048 size 272 coarsen threshold 1843 Card regions per heap region 1 cards per card region 16384
 CPUs: 32 total, 32 available
 Memory: 65253M
 Large Page Support: Disabled
 NUMA Support: Disabled
 Compressed Oops: Enabled (Zero based)
 Heap Region Size: 8M
 Heap Min Capacity: 3288M
 Heap Initial Capacity: 3288M
 Heap Max Capacity: 16G
 Pre-touch: Disabled
 Parallel Workers: 23
 Concurrent Workers: 6
 Concurrent Refinement Workers: 23
 Periodic GC: Disabled
Heap:
 garbage-first heap   total 3366912K, used 820169K [0x0000000400000000, 0x0000000800000000)
  region size 8192K, 100 young (819200K), 28 survivors (229376K)
 Metaspace       used 87221K, committed 88960K, reserved 1179648K
  class space    used 13554K, committed 14400K, reserved 1048576K
GC Heap History (6 events):
Event: 2.345 GC heap before
{Heap before GC invocations=0 (full 0):
 garbage-first heap   total 3366912K, used 499712K [0x0000000400000000, 0x0000000800000000)
  region size 8192K, 62 young (507904K), 0 survivors (0K)
 Metaspace       used 21056K, committed 21504K, reserved 1114112K
  class space    used 2325K, committed 2560K, reserved 1048576K
}
Event: 2.357 GC heap after
{Heap after GC invocations=1 (full 0):
 garbage-first heap   total 3366912K, used 51639K [0x0000000400000000, 0x0000000800000000)
  region size 8192K, 7 young (57344K), 7 survivors (57344K)
 Metaspace       used 21056K, committed 21504K, reserved 1114112K
  class space    used 2325K, committed 2560K, reserved 1048576K
}
Event: 4.988 GC heap before
{Heap before GC invocations=2 (full 0):
 garbage-first heap   total 3366912K, used 2075063K [0x0000000400000000, 0x0000000800000000)
  region size 8192K, 256 young (2097152K), 7 survivors (57344K)
 Metaspace       used 34770K, committed 35968K, reserved 1114112K
  class space    used 4153K, committed 4736K, reserved 1048576K
}
Event: 5.005 GC heap after
{Heap after GC invocations=3 (full 0):
 garbage-first heap   total 3366912K, used 145813K [0x0000000400000000, 0x0000000800000000)
  region size 8192K, 18 young (147456K), 18 survivors (147456K)
 Metaspace       used 34770K, committed 35968K, reserved 1114112K
  class space    used 4153K, committed 4736K, reserved 1048576K
}
Event: 8.152 GC heap before
{Heap before GC invocations=4 (full 0):
 garbage-first heap   total 3366912K, used 1284501K [0x0000000400000000, 0x0000000800000000)
  region size 8192K, 156 young (1277952K), 18 survivors (147456K)
 Metaspace       used 58747K, committed 60096K, reserved 1114112K
  class space    used 7780K, committed 8448K, reserved 1048576K
}
Event: 8.173 GC heap after
{Heap after GC invocations=5 (full 0):
 garbage-first heap   total 3366912K, used 238537K [0x0000000400000000, 0x0000000800000000)
  region size 8192K, 28 young (229376K), 28 survivors (229376K)
 Metaspace       used 58747K, committed 60096K, reserved 1114112K
  class space    used 7780K, committed 8448K, reserved 1048576K
}

